Build started 12/5/2014 10:38:24 PM.
     1>Project "C:\Users\A-A-Ron\Documents\Visual Studio 2012\Projects\ASM\Practice_14_15\Project.vcxproj" on node 2 (Build target(s)).
     1>_MASM:
         Assembling main.asm...
         cmd.exe /C "C:\Users\A-A-Ron\AppData\Local\Temp\tmp289af226ead641cdafce534901532d5c.cmd"
         ml.exe /c /nologo /Sg /WX /Zi /Fo"Debug\main.obj" /Fl"Project.lst" /I "c:\Irvine" /W3 /errorReport:prompt  /Tamain.asm
     1>main.asm(154): error A2206: missing operator in expression
     1>main.asm(155): error A2206: missing operator in expression
     1>C:\Program Files (x86)\MSBuild\Microsoft.Cpp\v4.0\V110\BuildCustomizations\masm.targets(49,5): error MSB3721: The command "ml.exe /c /nologo /Sg /WX /Zi /Fo"Debug\main.obj" /Fl"Project.lst" /I "c:\Irvine" /W3 /errorReport:prompt  /Tamain.asm" exited with code 1.
     1>Done Building Project "C:\Users\A-A-Ron\Documents\Visual Studio 2012\Projects\ASM\Practice_14_15\Project.vcxproj" (Build target(s)) -- FAILED.

Build FAILED.

Time Elapsed 00:00:00.11
